<?xml version="1.0" encoding="UTF-8"?>
<testng-results ignored="0" total="1" passed="1" failed="0" skipped="0">
  <reporter-output>
  </reporter-output>
  <suite started-at="2020-06-30T10:21:46Z" name="Default suite" finished-at="2020-06-30T10:21:51Z" duration-ms="5416">
    <groups>
    </groups>
    <test started-at="2020-06-30T10:21:46Z" name="Default test" finished-at="2020-06-30T10:21:51Z" duration-ms="5416">
      <class name="com.qa.tests.PostApiTest">
        <test-method is-config="true" signature="setup()[pri:0, instance:com.qa.tests.PostApiTest@5ef60048]" started-at="2020-06-30T10:21:46Z" name="setup" finished-at="2020-06-30T10:21:46Z" duration-ms="14" status="PASS">
          <reporter-output>
          </reporter-output>
        </test-method> <!-- setup -->
        <test-method signature="postApiTest()[pri:0, instance:com.qa.tests.PostApiTest@5ef60048]" started-at="2020-06-30T10:21:46Z" name="postApiTest" finished-at="2020-06-30T10:21:51Z" duration-ms="5341" status="PASS">
          <reporter-output>
          </reporter-output>
        </test-method> <!-- postApiTest -->
      </class> <!-- com.qa.tests.PostApiTest -->
    </test> <!-- Default test -->
  </suite> <!-- Default suite -->
</testng-results>
